<?xml version="1.0" encoding="UTF-8"?>
<!-- Generated by org.testng.reporters.JUnitReportReporter -->
<testsuite hostname="DESKTOP-U1OL4JI" failures="0" tests="1" name="com.yourstore.pages.AddtoCart" time="37.889" errors="0" timestamp="27 Jul 2020 12:02:06 GMT" skipped="0">
  <testcase classname="com.yourstore.pages.AddtoCart" name="verifyAddtoCart" time="37.889"/>
</testsuite> <!-- com.yourstore.pages.AddtoCart -->
